mail() on [/home/zaffiro3/public_html/profile/Templates/services/send_msg.php:21]: To: jxchen@live.ca -- Headers: dfgdfg
mail() on [/home/zaffiro3/public_html/profile/Templates/services/send_msg.php:21]: To: jxchen@live.ca -- Headers: asdasd
mail() on [/home/zaffiro3/public_html/profile/Templates/services/send_msg.php:21]: To: jxchen@live.ca -- Headers: qwe
mail() on [/home/zaffiro3/public_html/profile/Templates/services/send_msg.php:21]: To: jxchen@live.ca -- Headers: jxchen@live.ca
mail() on [/home/zaffiro3/public_html/profile/Templates/services/send_msg.php:21]: To: jxchen@live.ca -- Headers: jxchen@live.ca
mail() on [/home/zaffiro3/public_html/profile/Templates/services/send_msg.php:21]: To: jxchen@live.ca -- Headers: jxchen@live.ca
mail() on [/home/zaffiro3/public_html/profile/Templates/services/reserve_msg.php:26]: To: 7806558623@fido.ca -- Headers: From: David Walsh <david@davidwalsh.name>
mail() on [/home/zaffiro3/public_html/profile/Templates/services/reserve_msg.php:26]: To: 7806558623@fido.ca -- Headers: From: James Chen <jxchen@live.ca>
mail() on [/home/zaffiro3/public_html/profile/Templates/services/reserve_msg.php:26]: To: 7806558623@fido.ca -- Headers: From: Kim John
mail() on [/home/zaffiro3/public_html/profile/Templates/services/reserve_msg.php:26]: To: 7806558623@fido.ca -- Headers: From: James Chen (jxchen@live.ca)
mail() on [/home/zaffiro3/public_html/profile/Templates/services/reserve_msg.php:26]: To: 7806558623@fido.ca -- Headers: From: Kim Hai (kim.hai@gmail.com)
mail() on [/home/zaffiro3/public_html/profile/Templates/services/reserve_msg.php:27]: To: 7806558623@fido.ca -- Headers: From: You HO (yoho@asd.com)
mail() on [/home/zaffiro3/public_html/profile/Templates/services/reserve_msg.php:30]: To: jxchen@live.ca -- Headers: asd@asd.ca
mail() on [/home/zaffiro3/public_html/profile/Templates/services/reserve_msg.php:31]: To: 7806558623@fido.ca -- Headers: From: asd (asd@asd.ca)
mail() on [/home/zaffiro3/public_html/profile/Templates/services/reserve_msg.php:31]: To: jxchen@live.ca -- Headers: asfasf@asd.com
mail() on [/home/zaffiro3/public_html/profile/Templates/services/reserve_msg.php:32]: To: 7806558623@fido.ca -- Headers: From: James Chen (asfasf@asd.com)
mail() on [/home/zaffiro3/public_html/profile/services/reserve_msg.php:44]: To: 7809656117@mms.rogers.com -- Headers: From: James Chen (jxchen@ualberta.ca)
mail() on [/home/zaffiro3/public_html/profile/services/reserve_msg.php:44]: To:  -- Headers: From: James Chen (jxchen@ualberta.ca)
mail() on [/home/zaffiro3/public_html/profile/services/reserve_msg.php:44]: To: 7809656117@mms.rogers.com -- Headers: From: James Chen (jxchen@ualberta.ca)
mail() on [/home/zaffiro3/public_html/profile/services/reserve_msg.php:45]: To: 7808197744@txt.bellmobility.ca -- Headers: From: James Chen (jxchen@ualberta.ca)
mail() on [/home/zaffiro3/public_html/profile/services/send_msg.php:25]: To:  -- Headers: jxchen@lasdasd.ca
mail() on [/home/zaffiro3/public_html/profile/services/send_msg.php:25]: To:  -- Headers: jxchen@live.ca
mail() on [/home/zaffiro3/public_html/profile/services/send_msg.php:25]: To: asdasd@asdsad.com -- Headers: 
mail() on [/home/zaffiro3/public_html/profile/services/send_msg.php:25]: To: jxchen@ualberta.ca -- Headers: 
mail() on [/home/zaffiro3/public_html/profile/services/send_msg.php:26]: To: jxchen@live.ca -- Headers: 
mail() on [/home/zaffiro3/public_html/profile/services/send_msg.php:26]: To: jxchen@ualberta.ca -- Headers: 
mail() on [/home/zaffiro3/public_html/profile/services/send_msg.php:26]: To: jxchen@ualberta.ca -- Headers: 
mail() on [/home/zaffiro3/public_html/profile/services/reserve_msg.php:44]: To: 7806558623@fido.ca -- Headers: From: Morrisa Wang (morrisa.wang@gmail.com)
mail() on [/home/zaffiro3/public_html/profile/services/reserve_msg.php:44]: To: 7806558623@fido.ca -- Headers: From: Lalala (jxchen@ualberta.ca)
mail() on [/home/zaffiro3/public_html/profile/services/reserve_msg.php:44]: To: 7806558623@fido.ca -- Headers: From: Miles Mozel (rotoredneck@gmail.com)
mail() on [/home/zaffiro3/public_html/profile/services/send_msg.php:26]: To: rotoredneck@gmail.com -- Headers: 
